<?xml version="1.0" encoding="UTF-8"?>
<robot generator="Robot 5.0 (Python 3.10.4 on linux)" generated="20220509 18:06:04.505" rpa="false" schemaversion="3">
<suite id="s1" name="HEAR" source="/home/bernard/Documentos/Cursos/Curso_robot/HEAR">
<suite id="s1-s1" name="Tests" source="/home/bernard/Documentos/Cursos/Curso_robot/HEAR/Tests">
<suite id="s1-s1-s1" name="testeHear" source="/home/bernard/Documentos/Cursos/Curso_robot/HEAR/Tests/testeHear.robot">
<test id="s1-s1-s1-t1" name="Abrir app Hear" line="7">
<kw name="Dado que eu abro o app Hear" library="resources">
<kw name="Open Application" library="AppiumLibrary">
<arg>http://localhost:4723/wd/hub</arg>
<arg>platformName=android</arg>
<arg>deviceName=RQ8R701J5XF</arg>
<arg>appPackage=com.example.hear</arg>
<arg>appActivity=com.example.hear.MainActivity</arg>
<arg>automationName=Uiautomator2</arg>
<doc>Opens a new application to given Appium server.
Capabilities of appium server, Android and iOS,
Please check https://github.com/appium/appium/blob/master/docs/en/writing-running-appium/server-args.md
| *Option*            | *Man.* | *Description*     |
| remote_url          | Yes    | Appium server url |
| alias               | no     | alias             |</doc>
<status status="PASS" starttime="20220509 18:06:04.669" endtime="20220509 18:06:12.603"/>
</kw>
<kw name="Capture Page Screenshot" library="AppiumLibrary">
<doc>Takes a screenshot of the current page and embeds it into the log.</doc>
<msg timestamp="20220509 18:06:13.002" level="INFO" html="true">&lt;/td&gt;&lt;/tr&gt;&lt;tr&gt;&lt;td colspan="3"&gt;&lt;a href="appium-screenshot-1.png"&gt;&lt;img src="appium-screenshot-1.png" width="800px"&gt;&lt;/a&gt;</msg>
<status status="PASS" starttime="20220509 18:06:12.604" endtime="20220509 18:06:13.003"/>
</kw>
<kw name="Sleep" library="BuiltIn">
<arg>5</arg>
<doc>Pauses the test executed for the given time.</doc>
<msg timestamp="20220509 18:06:18.004" level="INFO">Slept 5 seconds</msg>
<status status="PASS" starttime="20220509 18:06:13.004" endtime="20220509 18:06:18.005"/>
</kw>
<status status="PASS" starttime="20220509 18:06:04.669" endtime="20220509 18:06:18.006"/>
</kw>
<kw name="Quando eu preencho os campos do usuário" library="resources">
<kw name="Click Element" library="AppiumLibrary">
<arg>${email-locator}</arg>
<doc>Click element identified by `locator`.</doc>
<msg timestamp="20220509 18:06:18.008" level="INFO">Clicking element '//android.widget.EditText[1]'.</msg>
<status status="PASS" starttime="20220509 18:06:18.006" endtime="20220509 18:06:18.606"/>
</kw>
<kw name="Input Text" library="AppiumLibrary">
<arg>${email-locator}</arg>
<arg>${User-email}</arg>
<doc>Types the given `text` into text field identified by `locator`.</doc>
<msg timestamp="20220509 18:06:18.608" level="INFO">Typing text 'felipebernard.pe@gmail.com' into text field '//android.widget.EditText[1]'</msg>
<status status="PASS" starttime="20220509 18:06:18.607" endtime="20220509 18:06:19.861"/>
</kw>
<kw name="Click Element" library="AppiumLibrary">
<arg>${pass-locator}</arg>
<doc>Click element identified by `locator`.</doc>
<msg timestamp="20220509 18:06:19.863" level="INFO">Clicking element '//android.widget.EditText[2]'.</msg>
<status status="PASS" starttime="20220509 18:06:19.861" endtime="20220509 18:06:20.531"/>
</kw>
<kw name="Input Text" library="AppiumLibrary">
<arg>${pass-locator}</arg>
<arg>${User-pass}</arg>
<doc>Types the given `text` into text field identified by `locator`.</doc>
<msg timestamp="20220509 18:06:20.533" level="INFO">Typing text 'Abc.1234' into text field '//android.widget.EditText[2]'</msg>
<status status="PASS" starttime="20220509 18:06:20.531" endtime="20220509 18:06:21.525"/>
</kw>
<kw name="Capture Page Screenshot" library="AppiumLibrary">
<doc>Takes a screenshot of the current page and embeds it into the log.</doc>
<msg timestamp="20220509 18:06:21.949" level="INFO" html="true">&lt;/td&gt;&lt;/tr&gt;&lt;tr&gt;&lt;td colspan="3"&gt;&lt;a href="appium-screenshot-2.png"&gt;&lt;img src="appium-screenshot-2.png" width="800px"&gt;&lt;/a&gt;</msg>
<status status="PASS" starttime="20220509 18:06:21.526" endtime="20220509 18:06:21.950"/>
</kw>
<kw name="Sleep" library="BuiltIn">
<arg>5</arg>
<doc>Pauses the test executed for the given time.</doc>
<msg timestamp="20220509 18:06:26.951" level="INFO">Slept 5 seconds</msg>
<status status="PASS" starttime="20220509 18:06:21.951" endtime="20220509 18:06:26.952"/>
</kw>
<status status="PASS" starttime="20220509 18:06:18.006" endtime="20220509 18:06:26.953"/>
</kw>
<kw name="E clico em entrar" library="resources">
<kw name="Click Element" library="AppiumLibrary">
<arg>${entrar-botao}</arg>
<doc>Click element identified by `locator`.</doc>
<msg timestamp="20220509 18:06:26.955" level="INFO">Clicking element '//android.widget.Button[@content-desc="ENTRAR"]'.</msg>
<status status="PASS" starttime="20220509 18:06:26.953" endtime="20220509 18:06:28.475"/>
</kw>
<kw name="Capture Page Screenshot" library="AppiumLibrary">
<doc>Takes a screenshot of the current page and embeds it into the log.</doc>
<msg timestamp="20220509 18:06:28.874" level="INFO" html="true">&lt;/td&gt;&lt;/tr&gt;&lt;tr&gt;&lt;td colspan="3"&gt;&lt;a href="appium-screenshot-3.png"&gt;&lt;img src="appium-screenshot-3.png" width="800px"&gt;&lt;/a&gt;</msg>
<status status="PASS" starttime="20220509 18:06:28.475" endtime="20220509 18:06:28.875"/>
</kw>
<kw name="Sleep" library="BuiltIn">
<arg>5</arg>
<doc>Pauses the test executed for the given time.</doc>
<msg timestamp="20220509 18:06:33.876" level="INFO">Slept 5 seconds</msg>
<status status="PASS" starttime="20220509 18:06:28.875" endtime="20220509 18:06:33.877"/>
</kw>
<status status="PASS" starttime="20220509 18:06:26.953" endtime="20220509 18:06:33.877"/>
</kw>
<status status="PASS" starttime="20220509 18:06:04.668" endtime="20220509 18:06:33.877"/>
</test>
<status status="PASS" starttime="20220509 18:06:04.537" endtime="20220509 18:06:33.878"/>
</suite>
<status status="PASS" starttime="20220509 18:06:04.533" endtime="20220509 18:06:33.880"/>
</suite>
<status status="PASS" starttime="20220509 18:06:04.508" endtime="20220509 18:06:33.881"/>
</suite>
<statistics>
<total>
<stat pass="1" fail="0" skip="0">All Tests</stat>
</total>
<tag>
</tag>
<suite>
<stat pass="1" fail="0" skip="0" id="s1" name="HEAR">HEAR</stat>
<stat pass="1" fail="0" skip="0" id="s1-s1" name="Tests">HEAR.Tests</stat>
<stat pass="1" fail="0" skip="0" id="s1-s1-s1" name="testeHear">HEAR.Tests.testeHear</stat>
</suite>
</statistics>
<errors>
</errors>
</robot>
